
-----

Test: tests/test_user_auth.py::TestUserAuth::test_auth_user[positive] (setup)

Time: 2024-01-16 12:53:07.583981

Request method: POST

Request URL: https://playground.learnqa.ru/api/user/login/

Request data: {'email': 'vinkotov@example.com', 'password': '1234'}

Request headers: 0

Request cookies: 0



Response code: 200

Response text: {"user_id":2}

Response headers: {'Date': 'Tue, 16 Jan 2024 07:53:07 GMT', 'Content-Type': 'application/json', 'Content-Length': '13', 'Connection': 'keep-alive', 'Keep-Alive': 'timeout=10', 'Server': 'Apache', 'Set-Cookie': 'auth_sid=c6c1a6ab6c2dbe7c9860dcab6eef169802e94918f1549272bcf2cafc2634fd9d', 'x-csrf-token': 'd2f8c1043b2103ee02a6c5d834a1f43d0276b13c02e94918f1549272bcf2cafc2634fd9d', 'Cache-Control': 'max-age=0', 'Expires': 'Tue, 16 Jan 2024 07:53:07 GMT'}

Response cookies: <RequestsCookieJar[<Cookie auth_sid=c6c1a6ab6c2dbe7c9860dcab6eef169802e94918f1549272bcf2cafc2634fd9d for playground.learnqa.ru/api/user/login>]>


-----

-----

Test: tests/test_user_auth.py::TestUserAuth::test_auth_user[positive] (call)

Time: 2024-01-16 12:53:07.938903

Request method: GET

Request URL: https://playground.learnqa.ru/api/user/auth

Request data: None

Request headers: {'x-csrf-token': 'd2f8c1043b2103ee02a6c5d834a1f43d0276b13c02e94918f1549272bcf2cafc2634fd9d'}

Request cookies: {'auth_sid': 'c6c1a6ab6c2dbe7c9860dcab6eef169802e94918f1549272bcf2cafc2634fd9d'}



Response code: 200

Response text: {"user_id":2}

Response headers: {'Date': 'Tue, 16 Jan 2024 07:53:07 GMT', 'Content-Type': 'application/json', 'Content-Length': '13', 'Connection': 'keep-alive', 'Keep-Alive': 'timeout=10', 'Server': 'Apache', 'Cache-Control': 'max-age=0', 'Expires': 'Tue, 16 Jan 2024 07:53:07 GMT'}

Response cookies: <RequestsCookieJar[]>


-----

-----

Test: tests/test_user_auth.py::TestUserAuth::test_auth_user[no_cookie] (setup)

Time: 2024-01-16 12:53:08.378522

Request method: POST

Request URL: https://playground.learnqa.ru/api/user/login/

Request data: {'email': 'vinkotov@example.com', 'password': '1234'}

Request headers: 0

Request cookies: 0



Response code: 200

Response text: {"user_id":2}

Response headers: {'Date': 'Tue, 16 Jan 2024 07:53:08 GMT', 'Content-Type': 'application/json', 'Content-Length': '13', 'Connection': 'keep-alive', 'Keep-Alive': 'timeout=10', 'Server': 'Apache', 'Set-Cookie': 'auth_sid=aec0b8c66bbe3ca6dd2ce86c080b26ce02e94918f1549272bcf2cafc2634fd9d', 'x-csrf-token': '54fafd93f3cdc57bd6d7ebc9094b1eb9a8a7732402e94918f1549272bcf2cafc2634fd9d', 'Cache-Control': 'max-age=0', 'Expires': 'Tue, 16 Jan 2024 07:53:08 GMT'}

Response cookies: <RequestsCookieJar[<Cookie auth_sid=aec0b8c66bbe3ca6dd2ce86c080b26ce02e94918f1549272bcf2cafc2634fd9d for playground.learnqa.ru/api/user/login>]>


-----

-----

Test: tests/test_user_auth.py::TestUserAuth::test_auth_user[no_cookie] (call)

Time: 2024-01-16 12:53:08.731800

Request method: GET

Request URL: https://playground.learnqa.ru/api/user/auth

Request data: None

Request headers: {'x-csrf-token': '54fafd93f3cdc57bd6d7ebc9094b1eb9a8a7732402e94918f1549272bcf2cafc2634fd9d'}

Request cookies: {}



Response code: 200

Response text: {"user_id":0}

Response headers: {'Date': 'Tue, 16 Jan 2024 07:53:08 GMT', 'Content-Type': 'application/json', 'Content-Length': '13', 'Connection': 'keep-alive', 'Keep-Alive': 'timeout=10', 'Server': 'Apache', 'Cache-Control': 'max-age=0', 'Expires': 'Tue, 16 Jan 2024 07:53:08 GMT'}

Response cookies: <RequestsCookieJar[]>


-----

-----

Test: tests/test_user_auth.py::TestUserAuth::test_auth_user[no_token] (setup)

Time: 2024-01-16 12:53:09.175521

Request method: POST

Request URL: https://playground.learnqa.ru/api/user/login/

Request data: {'email': 'vinkotov@example.com', 'password': '1234'}

Request headers: 0

Request cookies: 0



Response code: 200

Response text: {"user_id":2}

Response headers: {'Date': 'Tue, 16 Jan 2024 07:53:08 GMT', 'Content-Type': 'application/json', 'Content-Length': '13', 'Connection': 'keep-alive', 'Keep-Alive': 'timeout=10', 'Server': 'Apache', 'Set-Cookie': 'auth_sid=7031cdf34a3d1508077490efbf6fcd6902e94918f1549272bcf2cafc2634fd9d', 'x-csrf-token': 'b73e895f5cf3c6f0a4cc505d81bed5b16b05461702e94918f1549272bcf2cafc2634fd9d', 'Cache-Control': 'max-age=0', 'Expires': 'Tue, 16 Jan 2024 07:53:08 GMT'}

Response cookies: <RequestsCookieJar[<Cookie auth_sid=7031cdf34a3d1508077490efbf6fcd6902e94918f1549272bcf2cafc2634fd9d for playground.learnqa.ru/api/user/login>]>


-----

-----

Test: tests/test_user_auth.py::TestUserAuth::test_auth_user[no_token] (call)

Time: 2024-01-16 12:53:09.541307

Request method: GET

Request URL: https://playground.learnqa.ru/api/user/auth

Request data: None

Request headers: {}

Request cookies: {'auth_sid': '7031cdf34a3d1508077490efbf6fcd6902e94918f1549272bcf2cafc2634fd9d'}



Response code: 200

Response text: {"user_id":0}

Response headers: {'Date': 'Tue, 16 Jan 2024 07:53:09 GMT', 'Content-Type': 'application/json', 'Content-Length': '13', 'Connection': 'keep-alive', 'Keep-Alive': 'timeout=10', 'Server': 'Apache', 'Cache-Control': 'max-age=0', 'Expires': 'Tue, 16 Jan 2024 07:53:09 GMT'}

Response cookies: <RequestsCookieJar[]>


-----

-----

Test: tests/test_user_edit.py::TestUserEdit::test_edit_just_created_user (call)

Time: 2024-01-16 12:53:09.973932

Request method: POST

Request URL: https://playground.learnqa.ru/api/user/

Request data: {'password': '123', 'username': 'learnqa', 'firstName': 'learnqa', 'lastName': 'learnqa', 'email': 'learnqa01162024125309@example.com'}

Request headers: 0

Request cookies: 0



Response code: 200

Response text: {"id":"89601"}

Response headers: {'Date': 'Tue, 16 Jan 2024 07:53:10 GMT', 'Content-Type': 'application/json', 'Content-Length': '14', 'Connection': 'keep-alive', 'Keep-Alive': 'timeout=10', 'Server': 'Apache', 'Cache-Control': 'max-age=0', 'Expires': 'Tue, 16 Jan 2024 07:53:09 GMT'}

Response cookies: <RequestsCookieJar[]>


-----

-----

Test: tests/test_user_edit.py::TestUserEdit::test_edit_just_created_user (call)

Time: 2024-01-16 12:53:10.784039

Request method: POST

Request URL: https://playground.learnqa.ru/api/user/login/

Request data: {'email': 'learnqa01162024125309@example.com', 'password': '123'}

Request headers: 0

Request cookies: 0



Response code: 200

Response text: {"user_id":89601}

Response headers: {'Date': 'Tue, 16 Jan 2024 07:53:10 GMT', 'Content-Type': 'application/json', 'Content-Length': '17', 'Connection': 'keep-alive', 'Keep-Alive': 'timeout=10', 'Server': 'Apache', 'Set-Cookie': 'auth_sid=7326942753ba708ddbf2e2aa9dffb9d2c56b91e46806d4808f3fe6dcb32a7c89', 'x-csrf-token': '336440212f68ba1b9c4cc0107dfd9358101f867ec56b91e46806d4808f3fe6dcb32a7c89', 'Cache-Control': 'max-age=0', 'Expires': 'Tue, 16 Jan 2024 07:53:10 GMT'}

Response cookies: <RequestsCookieJar[<Cookie auth_sid=7326942753ba708ddbf2e2aa9dffb9d2c56b91e46806d4808f3fe6dcb32a7c89 for playground.learnqa.ru/api/user/login>]>


-----

-----

Test: tests/test_user_edit.py::TestUserEdit::test_edit_just_created_user (call)

Time: 2024-01-16 12:53:11.092819

Request method: PUT

Request URL: https://playground.learnqa.ru/api/user/89601

Request data: {'firstName': 'Somebody Someone'}

Request headers: {'x-csrf-token': '336440212f68ba1b9c4cc0107dfd9358101f867ec56b91e46806d4808f3fe6dcb32a7c89'}

Request cookies: {'auth_sid': '7326942753ba708ddbf2e2aa9dffb9d2c56b91e46806d4808f3fe6dcb32a7c89'}



Response code: 200

Response text: 

Response headers: {'Date': 'Tue, 16 Jan 2024 07:53:11 GMT', 'Content-Type': 'text/html; charset=utf-8', 'Content-Length': '0', 'Connection': 'keep-alive', 'Keep-Alive': 'timeout=10', 'Server': 'Apache', 'Cache-Control': 'max-age=0', 'Expires': 'Tue, 16 Jan 2024 07:53:10 GMT'}

Response cookies: <RequestsCookieJar[]>


-----

-----

Test: tests/test_user_edit.py::TestUserEdit::test_edit_just_created_user (call)

Time: 2024-01-16 12:53:11.987419

Request method: GET

Request URL: https://playground.learnqa.ru/api/user/89601

Request data: None

Request headers: {'x-csrf-token': '336440212f68ba1b9c4cc0107dfd9358101f867ec56b91e46806d4808f3fe6dcb32a7c89'}

Request cookies: {'auth_sid': '7326942753ba708ddbf2e2aa9dffb9d2c56b91e46806d4808f3fe6dcb32a7c89'}



Response code: 200

Response text: {"id":"89601","username":"learnqa","email":"learnqa01162024125309@example.com","firstName":"Somebody Someone","lastName":"learnqa"}

Response headers: {'Date': 'Tue, 16 Jan 2024 07:53:12 GMT', 'Content-Type': 'application/json', 'Transfer-Encoding': 'chunked', 'Connection': 'keep-alive', 'Keep-Alive': 'timeout=10', 'Vary': 'Accept-Encoding', 'Server': 'Apache', 'Cache-Control': 'max-age=0', 'Expires': 'Tue, 16 Jan 2024 07:53:11 GMT', 'Content-Encoding': 'gzip'}

Response cookies: <RequestsCookieJar[]>


-----

-----

Test: tests/test_user_get.py::TestUserGet::test_get_user_not_auth (call)

Time: 2024-01-16 12:53:12.861709

Request method: GET

Request URL: https://playground.learnqa.ru/api/user/2

Request data: None

Request headers: 0

Request cookies: 0



Response code: 200

Response text: {"username":"Vitaliy"}

Response headers: {'Date': 'Tue, 16 Jan 2024 07:53:13 GMT', 'Content-Type': 'application/json', 'Content-Length': '22', 'Connection': 'keep-alive', 'Keep-Alive': 'timeout=10', 'Vary': 'Accept-Encoding', 'Server': 'Apache', 'Cache-Control': 'max-age=0', 'Expires': 'Tue, 16 Jan 2024 07:53:12 GMT'}

Response cookies: <RequestsCookieJar[]>


-----

-----

Test: tests/test_user_get.py::TestUserGet::test_get_user_same_as_auth (call)

Time: 2024-01-16 12:53:13.782233

Request method: POST

Request URL: https://playground.learnqa.ru/api/user/login

Request data: {'email': 'vinkotov@example.com', 'password': '1234'}

Request headers: 0

Request cookies: 0



Response code: 200

Response text: {"user_id":2}

Response headers: {'Date': 'Tue, 16 Jan 2024 07:53:13 GMT', 'Content-Type': 'application/json', 'Content-Length': '13', 'Connection': 'keep-alive', 'Keep-Alive': 'timeout=10', 'Server': 'Apache', 'Set-Cookie': 'auth_sid=79f7ef48dc9a3731080eeb4890dbd5f502e94918f1549272bcf2cafc2634fd9d', 'x-csrf-token': '878552bb164751c55759046d296ad04b5b7dd20e02e94918f1549272bcf2cafc2634fd9d', 'Cache-Control': 'max-age=0', 'Expires': 'Tue, 16 Jan 2024 07:53:13 GMT'}

Response cookies: <RequestsCookieJar[<Cookie auth_sid=79f7ef48dc9a3731080eeb4890dbd5f502e94918f1549272bcf2cafc2634fd9d for playground.learnqa.ru/api/user>]>


-----

-----

Test: tests/test_user_get.py::TestUserGet::test_get_user_same_as_auth (call)

Time: 2024-01-16 12:53:14.094337

Request method: GET

Request URL: https://playground.learnqa.ru/api/user/2

Request data: None

Request headers: {'x-csrf-token': '878552bb164751c55759046d296ad04b5b7dd20e02e94918f1549272bcf2cafc2634fd9d'}

Request cookies: {'auth_sid': '79f7ef48dc9a3731080eeb4890dbd5f502e94918f1549272bcf2cafc2634fd9d'}



Response code: 200

Response text: {"id":"2","username":"Vitaliy","email":"vinkotov@example.com","firstName":"Vitalii","lastName":"Kotov"}

Response headers: {'Date': 'Tue, 16 Jan 2024 07:53:14 GMT', 'Content-Type': 'application/json', 'Transfer-Encoding': 'chunked', 'Connection': 'keep-alive', 'Keep-Alive': 'timeout=10', 'Vary': 'Accept-Encoding', 'Server': 'Apache', 'Cache-Control': 'max-age=0', 'Expires': 'Tue, 16 Jan 2024 07:53:13 GMT', 'Content-Encoding': 'gzip'}

Response cookies: <RequestsCookieJar[]>


-----

-----

Test: tests/test_user_register.py::TestUserRegister::test_successful_user_create (call)

Time: 2024-01-16 12:53:15.001915

Request method: POST

Request URL: https://playground.learnqa.ru/api/user/

Request data: {'password': '123', 'username': 'learnqa', 'firstName': 'learnqa', 'lastName': 'learnqa', 'email': 'learnqa01162024125315@example.com'}

Request headers: 0

Request cookies: 0



Response code: 200

Response text: {"id":"89602"}

Response headers: {'Date': 'Tue, 16 Jan 2024 07:53:15 GMT', 'Content-Type': 'application/json', 'Content-Length': '14', 'Connection': 'keep-alive', 'Keep-Alive': 'timeout=10', 'Server': 'Apache', 'Cache-Control': 'max-age=0', 'Expires': 'Tue, 16 Jan 2024 07:53:14 GMT'}

Response cookies: <RequestsCookieJar[]>


-----

-----

Test: tests/test_user_register.py::TestUserRegister::test_create_user_with_used_email (call)

Time: 2024-01-16 12:53:15.851150

Request method: POST

Request URL: https://playground.learnqa.ru/api/user/

Request data: {'password': '123', 'username': 'learnqa', 'firstName': 'learnqa', 'lastName': 'learnqa', 'email': 'vinkotov@example.com'}

Request headers: 0

Request cookies: 0



Response code: 400

Response text: Users with email 'vinkotov@example.com' already exists

Response headers: {'Date': 'Tue, 16 Jan 2024 07:53:16 GMT', 'Content-Type': 'text/html; charset=utf-8', 'Content-Length': '54', 'Connection': 'keep-alive', 'Keep-Alive': 'timeout=10', 'Server': 'Apache'}

Response cookies: <RequestsCookieJar[]>


-----
